<?xml version="1.0" encoding="UTF-8"?>
<testsuite xmlns:xsi="http://www.w3.org/2001/XMLSchema-instance" xsi:noNamespaceSchemaLocation="https://maven.apache.org/surefire/maven-surefire-plugin/xsd/surefire-test-report.xsd" name="runnerClass.TestRunner" time="3.456" tests="4" errors="0" skipped="0" failures="0">
  <properties>
[...]
</properties>
  <testcase name="Title of your scenario" classname="Title of your feature" time="1.363"/>
  <testcase name="Get Response validation of Books #1" classname="Title of your feature" time="0.698"/>
  <testcase name="Get Response validation of Books #2" classname="Title of your feature" time="0.532"/>
  <testcase name="Get Response validation of Books #3" classname="Title of your feature" time="0.619"/>
</testsuite>