<?xml version="1.0" encoding="UTF-8"?>
<testsuite xmlns:xsi="http://www.w3.org/2001/XMLSchema-instance" xsi:noNamespaceSchemaLocation="https://maven.apache.org/surefire/maven-surefire-plugin/xsd/surefire-test-report.xsd" name="Title of your feature #2" time="13.024" tests="6" errors="0" skipped="0" failures="0">
  <properties>
[...]
</properties>
  <testcase name="Title of your scenario #1" classname="Title of your feature #2" time="4.252"/>
  <testcase name="Get Response validation of Books #1" classname="Title of your feature #2" time="1.935"/>
  <testcase name="Get Response validation of Books #2" classname="Title of your feature #2" time="1.743"/>
  <testcase name="Get Response validation of Books #3" classname="Title of your feature #2" time="1.62"/>
  <testcase name="Title of your scenario #2" classname="Title of your feature #2" time="1.808"/>
  <testcase name="Title of your scenario #3" classname="Title of your feature #2" time="1.666"/>
</testsuite>